2026-01-27 11:37:54,584 [INFO] [KSeFApp] --- Logowanie zainicjowane (Plik: app_2026-01-27.log) ---
2026-01-27 11:37:56,378 [INFO] [KSeFApp] Proxy disabled in config. Proceeding to direct login.
2026-01-27 11:37:56,378 [INFO] [KSeFApp] Proxy password not provided; proxy disabled.
2026-01-27 11:37:56,378 [INFO] [KSeFApp] Fetching KSeF public certificates...
2026-01-27 11:37:56,378 [INFO] [KSeFApp] Fetching official certificates for environment: demo...
2026-01-27 11:37:56,446 [INFO] [KSeFApp] ✅ Certificates fetched and saved to: C:\Users\Admin\Desktop\Dudek\Python\Projekty\KSeF-Python-Client-V9_Kopia_Toola_z_modulem_Wiz_Po_Poprawkach_1\config\certificates-demo.json
2026-01-27 11:37:56,450 [INFO] [KSeFApp] ✅ Certificates fetched successfully.
2026-01-27 11:37:56,450 [INFO] [KSeFApp] Connecting to KSeF API (AuthService)...
2026-01-27 11:37:56,450 [INFO] [KSeFApp] Step 1/6: Loading KSeF public key...
2026-01-27 11:37:56,450 [INFO] [KSeFApp] Step 2/6: Requesting authentication challenge...
2026-01-27 11:37:57,898 [INFO] [KSeFApp] Step 3/6: Encrypting KSeF token with public key...
2026-01-27 11:37:57,909 [INFO] [KSeFApp] Step 4/6: Initiating KSeF token authentication...
2026-01-27 11:37:58,487 [INFO] [KSeFApp] Step 5/6: Waiting for MF confirmation (Ref: 20260127-AU-2480FE8001-CB32A29F29-D3)...
2026-01-27 11:37:59,530 [INFO] [KSeFApp] Step 6/6: Redeeming session token...
2026-01-27 11:37:59,630 [INFO] [KSeFApp] ✅ KSeF Authentication successful.
2026-01-27 11:37:59,666 [INFO] [KSeFApp] Opening new online session with KSeF...
2026-01-27 11:37:59,666 [INFO] [KSeFApp] Encrypting symmetric key for session...
2026-01-27 11:37:59,672 [INFO] [KSeFApp] Sending session opening request...
2026-01-27 11:37:59,760 [INFO] [KSeFApp] ✅ Session established. Reference: 20260127-SO-24814C5000-E389897B9F-D6
2026-01-27 11:37:59,763 [INFO] [KSeFApp] ✅ Session opened correctly. Ref: 20260127-SO-24814C5000-E389897B9F-D6
2026-01-27 11:38:01,947 [INFO] [KSeFApp] Przełączono widok na: purchases
2026-01-27 11:38:02,937 [INFO] [KSeFApp] Inicjowanie pobierania: Sales invoices (Subject1) za ostatnie 30 dni...
2026-01-27 11:38:02,937 [INFO] [KSeFApp] Fetching Subject1 invoices (last 30 days)...
2026-01-27 11:38:03,020 [INFO] [KSeFApp] ✅ Fetched 31 invoices.
2026-01-27 12:05:12,384 [INFO] [KSeFApp] --- Logowanie zainicjowane (Plik: app_2026-01-27.log) ---
2026-01-27 12:05:15,634 [INFO] [KSeFApp] View switched to: sales
2026-01-27 12:05:16,992 [INFO] [KSeFApp] View switched to: purchases
2026-01-27 12:05:19,417 [INFO] [KSeFApp] Proxy disabled in config. Proceeding to direct login.
2026-01-27 12:05:19,417 [INFO] [KSeFApp] Proxy password not provided; proxy disabled.
2026-01-27 12:05:19,422 [INFO] [KSeFApp] Fetching KSeF public certificates...
2026-01-27 12:05:19,422 [INFO] [KSeFApp] Fetching official certificates for environment: demo...
2026-01-27 12:05:19,518 [INFO] [KSeFApp] ✅ Certificates fetched and saved to: C:\Users\Admin\Desktop\Dudek\Python\Projekty\KSeF-Python-Client-V9_Kopia_Toola_z_modulem_Wiz_Po_Poprawkach_1\config\certificates-demo.json
2026-01-27 12:05:19,518 [INFO] [KSeFApp] Certificates fetched successfully.
2026-01-27 12:05:19,518 [INFO] [KSeFApp] Connecting to KSeF API (AuthService)...
2026-01-27 12:05:19,518 [INFO] [KSeFApp] Step 1/6: Loading KSeF public key...
2026-01-27 12:05:19,523 [INFO] [KSeFApp] Step 2/6: Requesting authentication challenge...
2026-01-27 12:05:19,563 [INFO] [KSeFApp] Step 3/6: Encrypting KSeF token with public key...
2026-01-27 12:05:19,569 [INFO] [KSeFApp] Step 4/6: Initiating KSeF token authentication...
2026-01-27 12:05:19,639 [INFO] [KSeFApp] Step 5/6: Waiting for MF confirmation (Ref: 20260127-AU-2611AC2000-F51AB1F24D-C9)...
2026-01-27 12:05:20,683 [INFO] [KSeFApp] Step 6/6: Redeeming session token...
2026-01-27 12:05:20,762 [INFO] [KSeFApp] ✅ KSeF Authentication successful.
2026-01-27 12:05:20,813 [INFO] [KSeFApp] Opening new online session with KSeF...
2026-01-27 12:05:20,813 [INFO] [KSeFApp] Encrypting symmetric key for session...
2026-01-27 12:05:20,813 [INFO] [KSeFApp] Sending session opening request...
2026-01-27 12:05:20,910 [INFO] [KSeFApp] ✅ Session established. Reference: 20260127-SO-2611F97000-F514440301-3D
2026-01-27 12:05:20,910 [INFO] [KSeFApp] Session opened correctly. Ref: 20260127-SO-2611F97000-F514440301-3D
2026-01-27 12:05:24,687 [INFO] [KSeFApp] Initializing fetch: Sales invoices (Subject1) for last 30 days...
2026-01-27 12:05:24,687 [INFO] [KSeFApp] Fetching Subject1 invoices (last 30 days)...
2026-01-27 12:05:24,801 [INFO] [KSeFApp] Fetched 31 invoices.
2026-01-27 12:05:32,467 [INFO] [KSeFApp] View switched to: sales
2026-01-27 12:05:40,797 [INFO] [KSeFApp] Loading Excel preview: C:/Users/Admin/Desktop/Dudek/Python/Projekty/KSeF-Python-Client-V9_Kopia_Toola_z_modulem_Wiz_Po_Poprawkach_1/wzory/excel_input/ACC_FAKTURA_PLN_PROSTA/2025-10-FV03.xlsx (ACC_PLN_PROSTA)...
2026-01-27 12:05:41,060 [ERROR] [KSeFApp] C:\Users\Admin\AppData\Local\Programs\Python\Python312\Lib\site-packages\openpyxl\reader\workbook.py:118: UserWarning: Print area cannot be set to Defined name: Faktura!$1:$41.
2026-01-27 12:05:41,060 [ERROR] [KSeFApp]   warn(f"Print area cannot be set to Defined name: {defn.value}.")
2026-01-27 12:05:41,063 [INFO] [KSeFApp] Loaded data for C:/Users/Admin/Desktop/Dudek/Python/Projekty/KSeF-Python-Client-V9_Kopia_Toola_z_modulem_Wiz_Po_Poprawkach_1/wzory/excel_input/ACC_FAKTURA_PLN_PROSTA/2025-10-FV03.xlsx
2026-01-27 12:05:41,063 [INFO] [KSeFApp] Loading Excel preview: C:/Users/Admin/Desktop/Dudek/Python/Projekty/KSeF-Python-Client-V9_Kopia_Toola_z_modulem_Wiz_Po_Poprawkach_1/wzory/excel_input/ACC_FAKTURA_PLN_PROSTA/2025-10-FV04.xlsx (ACC_PLN_PROSTA)...
2026-01-27 12:05:41,327 [INFO] [KSeFApp] Loaded data for C:/Users/Admin/Desktop/Dudek/Python/Projekty/KSeF-Python-Client-V9_Kopia_Toola_z_modulem_Wiz_Po_Poprawkach_1/wzory/excel_input/ACC_FAKTURA_PLN_PROSTA/2025-10-FV04.xlsx
2026-01-27 12:05:41,328 [INFO] [KSeFApp] Loading Excel preview: C:/Users/Admin/Desktop/Dudek/Python/Projekty/KSeF-Python-Client-V9_Kopia_Toola_z_modulem_Wiz_Po_Poprawkach_1/wzory/excel_input/ACC_FAKTURA_PLN_PROSTA/2025-11-FV06.xlsx (ACC_PLN_PROSTA)...
2026-01-27 12:05:41,587 [INFO] [KSeFApp] Loaded data for C:/Users/Admin/Desktop/Dudek/Python/Projekty/KSeF-Python-Client-V9_Kopia_Toola_z_modulem_Wiz_Po_Poprawkach_1/wzory/excel_input/ACC_FAKTURA_PLN_PROSTA/2025-11-FV06.xlsx
2026-01-27 12:05:41,963 [INFO] [KSeFApp] Imported files: 3
2026-01-27 12:34:23,432 [INFO] [KSeFApp] --- Logowanie zainicjowane (Plik: app_2026-01-27.log) ---
2026-01-27 12:34:28,398 [INFO] [KSeFApp] View switched to: purchases
2026-01-27 12:34:29,165 [INFO] [KSeFApp] View switched to: sales
2026-01-27 12:36:31,992 [INFO] [KSeFApp] --- Logowanie zainicjowane (Plik: app_2026-01-27.log) ---
2026-01-27 12:36:40,303 [DEBUG] [KSeFApp] View switched to: sales
2026-01-27 12:36:40,861 [DEBUG] [KSeFApp] View switched to: purchases
2026-01-27 12:36:41,379 [DEBUG] [KSeFApp] View switched to: sales
2026-01-27 12:36:41,830 [DEBUG] [KSeFApp] View switched to: session
